<?xml version="1.0" encoding="UTF-8"?>
<!-- Generated by org.testng.reporters.JUnitReportReporter -->
<testsuite hostname="LAPTOP-77TJHB28" failures="0" tests="1" name="com.automation.testcases.LoginTestCRM" time="6.536" errors="0" timestamp="2024-01-18T02:47:53 IST" skipped="0">
  <testcase classname="com.automation.testcases.LoginTestCRM" name="loginApp" time="6.536"/>
  <system-out/>
</testsuite> <!-- com.automation.testcases.LoginTestCRM -->
